<?xml version="1.0" encoding="UTF-8"?>
<!-- Generated by org.testng.reporters.JUnitXMLReporter -->
<testsuite ignored="0" hostname="kaushik-Inspiron-5547" failures="1" tests="17" name="Function Tests" time="3.645" errors="0" timestamp="19 Nov 2019 07:14:46 GMT">
  <testcase classname="com.test.TestNGGoogle" name="@BeforeMethod setUp" time="3.491">
    <failure type="org.openqa.selenium.SessionNotCreatedException" message="session not created: This version of ChromeDriver only supports Chrome version 75
Build info: version: &amp;apos;3.141.59&amp;apos;, revision: &amp;apos;e82be7d358&amp;apos;, time: &amp;apos;2018-11-14T08:25:53&amp;apos;
System info: host: &amp;apos;kaushik-Inspiron-5547&amp;apos;, ip: &amp;apos;127.0.1.1&amp;apos;, os.name: &amp;apos;Linux&amp;apos;, os.arch: &amp;apos;amd64&amp;apos;, os.version: &amp;apos;5.0.0-32-generic&amp;apos;, java.version: &amp;apos;11.0.4&amp;apos;
Driver info: driver.version: ChromeDriver
remote stacktrace: #0 0x55f66be2e6e9 &amp;lt;unknown&amp;gt;
">
      <![CDATA[org.openqa.selenium.SessionNotCreatedException: session not created: This version of ChromeDriver only supports Chrome version 75
Build info: version: '3.141.59', revision: 'e82be7d358', time: '2018-11-14T08:25:53'
System info: host: 'kaushik-Inspiron-5547', ip: '127.0.1.1', os.name: 'Linux', os.arch: 'amd64', os.version: '5.0.0-32-generic', java.version: '11.0.4'
Driver info: driver.version: ChromeDriver
remote stacktrace: #0 0x55f66be2e6e9 <unknown>

at org.openqa.selenium.remote.W3CHandshakeResponse.lambda$errorHandler$0(W3CHandshakeResponse.java:62)
at org.openqa.selenium.remote.HandshakeResponse.lambda$getResponseFunction$0(HandshakeResponse.java:30)
at org.openqa.selenium.remote.ProtocolHandshake.lambda$createSession$0(ProtocolHandshake.java:126)
at java.base/java.util.stream.ReferencePipeline$3$1.accept(ReferencePipeline.java:195)
at java.base/java.util.Spliterators$ArraySpliterator.tryAdvance(Spliterators.java:958)
at java.base/java.util.stream.ReferencePipeline.forEachWithCancel(ReferencePipeline.java:127)
at java.base/java.util.stream.AbstractPipeline.copyIntoWithCancel(AbstractPipeline.java:502)
at java.base/java.util.stream.AbstractPipeline.copyInto(AbstractPipeline.java:488)
at java.base/java.util.stream.AbstractPipeline.wrapAndCopyInto(AbstractPipeline.java:474)
at java.base/java.util.stream.FindOps$FindOp.evaluateSequential(FindOps.java:150)
at java.base/java.util.stream.AbstractPipeline.evaluate(AbstractPipeline.java:234)
at java.base/java.util.stream.ReferencePipeline.findFirst(ReferencePipeline.java:543)
at org.openqa.selenium.remote.ProtocolHandshake.createSession(ProtocolHandshake.java:128)
at org.openqa.selenium.remote.ProtocolHandshake.createSession(ProtocolHandshake.java:74)
at org.openqa.selenium.remote.HttpCommandExecutor.execute(HttpCommandExecutor.java:136)
at org.openqa.selenium.remote.service.DriverCommandExecutor.execute(DriverCommandExecutor.java:83)
at org.openqa.selenium.remote.RemoteWebDriver.execute(RemoteWebDriver.java:552)
at org.openqa.selenium.remote.RemoteWebDriver.startSession(RemoteWebDriver.java:213)
at org.openqa.selenium.remote.RemoteWebDriver.<init>(RemoteWebDriver.java:131)
at org.openqa.selenium.chrome.ChromeDriver.<init>(ChromeDriver.java:181)
at org.openqa.selenium.chrome.ChromeDriver.<init>(ChromeDriver.java:168)
at org.openqa.selenium.chrome.ChromeDriver.<init>(ChromeDriver.java:123)
at com.test.TestNGGoogle.setUp(TestNGGoogle.java:32)
... Removed 32 stack frames]]>
    </failure>
  </testcase> <!-- @BeforeMethod setUp -->
  <testcase classname="com.test.TestNGGoogle" name="@AfterMethod tearDown" time="0.0">
    <skipped/>
  </testcase> <!-- @AfterMethod tearDown -->
  <testcase classname="com.test.TestNGGoogle" name="@BeforeMethod setUp" time="0.0">
    <skipped/>
  </testcase> <!-- @BeforeMethod setUp -->
  <testcase classname="com.test.TestNGGoogle" name="@AfterMethod tearDown" time="0.0">
    <skipped/>
  </testcase> <!-- @AfterMethod tearDown -->
  <testcase classname="com.test.TestNGGoogle" name="@BeforeMethod setUp" time="0.0">
    <skipped/>
  </testcase> <!-- @BeforeMethod setUp -->
  <testcase classname="com.test.TestNGGoogle" name="@AfterMethod tearDown" time="0.0">
    <skipped/>
  </testcase> <!-- @AfterMethod tearDown -->
  <testcase classname="com.test.TestNGGoogle" name="@BeforeMethod setUp" time="0.0">
    <skipped/>
  </testcase> <!-- @BeforeMethod setUp -->
  <testcase classname="com.test.TestNGGoogle" name="@AfterMethod tearDown" time="0.0">
    <skipped/>
  </testcase> <!-- @AfterMethod tearDown -->
  <testcase classname="com.test.TestNGGoogle" name="@BeforeMethod setUp" time="0.0">
    <skipped/>
  </testcase> <!-- @BeforeMethod setUp -->
  <testcase classname="com.test.TestNGGoogle" name="@AfterMethod tearDown" time="0.0">
    <skipped/>
  </testcase> <!-- @AfterMethod tearDown -->
  <testcase classname="com.test.TestNGGoogle" name="@BeforeMethod setUp" time="0.0">
    <skipped/>
  </testcase> <!-- @BeforeMethod setUp -->
  <testcase classname="com.test.TestNGGoogle" name="@AfterMethod tearDown" time="0.0">
    <skipped/>
  </testcase> <!-- @AfterMethod tearDown -->
  <testcase classname="com.test.TestNGGoogle" name="googleLogoTest" time="0.0">
    <skipped/>
  </testcase> <!-- googleLogoTest -->
  <testcase classname="com.test.TestNGGoogle" name="googleTitleTest" time="0.0">
    <skipped/>
  </testcase> <!-- googleTitleTest -->
  <testcase classname="com.test.TestNGGoogle" name="mailLinkTest" time="0.0">
    <skipped/>
  </testcase> <!-- mailLinkTest -->
  <testcase classname="com.test.TestNGGoogle" name="oneTest" time="0.0">
    <skipped/>
  </testcase> <!-- oneTest -->
  <testcase classname="com.test.TestNGGoogle" name="threeTest" time="0.0">
    <skipped/>
  </testcase> <!-- threeTest -->
  <testcase classname="com.test.TestNGGoogle" name="twoTest" time="0.0">
    <skipped/>
  </testcase> <!-- twoTest -->
  <testcase classname="com.test.TestNGBasic" name="googleTitleTest" time="0.002"/>
  <testcase classname="com.test.TestNGBasic" name="googleTitleTest2" time="0.002"/>
  <testcase classname="com.test.TestNGDependsOnMethod" name="oneTest" time="0.002">
    <failure type="java.lang.ArithmeticException" message="/ by zero">
      <![CDATA[java.lang.ArithmeticException: / by zero
at com.test.TestNGDependsOnMethod.oneTest(TestNGDependsOnMethod.java:14)
... Removed 25 stack frames]]>
    </failure>
  </testcase> <!-- oneTest -->
  <testcase classname="com.test.TestNGDependsOnMethod" name="threeTest" time="0.0">
    <skipped/>
  </testcase> <!-- threeTest -->
  <testcase classname="com.test.TestNGDependsOnMethod" name="twoTest" time="0.0">
    <skipped/>
  </testcase> <!-- twoTest -->
  <testcase classname="com.test.TestNGExpectedException" name="myTest" time="0.002"/>
  <testcase classname="com.test.TestNGInvocationCount" name="myTest" time="0.001"/>
  <testcase classname="com.test.TestNGInvocationCount" name="myTest" time="0.001"/>
  <testcase classname="com.test.TestNGInvocationCount" name="myTest" time="0.002"/>
  <testcase classname="com.test.TestNGInvocationCount" name="myTest" time="0.001"/>
  <testcase classname="com.test.TestNGInvocationCount" name="myTest" time="0.002"/>
</testsuite> <!-- Function Tests -->
